<?xml version="1.0" encoding="UTF-8"?>
<!-- Generated by org.testng.reporters.JUnitReportReporter -->
<testsuite hostname="DESKTOP-P55NFCV" failures="0" tests="1" name="com.tutuorialsninja.TestCases.LoginTest" time="40.611" errors="0" timestamp="2024-02-20T19:45:02 EST" skipped="0">
  <testcase classname="com.tutuorialsninja.TestCases.LoginTest" name="verifyLoginWithValidCredentials" time="40.611"/>
</testsuite> <!-- com.tutuorialsninja.TestCases.LoginTest -->
