<?xml version="1.0" encoding="UTF-8"?>
<!-- Generated by org.testng.reporters.JUnitReportReporter -->
<testsuite hostname="DESKTOP-P55NFCV" failures="0" tests="4" name="com.tutuorialsninja.TestCases.RegisterTest" time="78.647" errors="0" timestamp="2024-02-01T12:27:55 EST" skipped="0">
  <testcase classname="com.tutuorialsninja.TestCases.RegisterTest" name="VerifyingRegisterWithMandatoryFields" time="13.950"/>
  <testcase classname="com.tutuorialsninja.TestCases.RegisterTest" name="VerifyingRegisterWithAllFields" time="35.375"/>
  <testcase classname="com.tutuorialsninja.TestCases.RegisterTest" name="VerifyingRegisterWithExistingEmail" time="15.771"/>
  <testcase classname="com.tutuorialsninja.TestCases.RegisterTest" name="VerifyingRegisterWithNoFields" time="13.551"/>
</testsuite> <!-- com.tutuorialsninja.TestCases.RegisterTest -->
