<?xml version="1.0" encoding="UTF-8"?>
<!-- Generated by org.testng.reporters.JUnitReportReporter -->
<testsuite hostname="DESKTOP-P55NFCV" failures="0" tests="4" name="com.tutuorialsninja.TestCases.RegisterTest" time="107.320" errors="0" timestamp="2024-01-29T09:02:16 EST" skipped="0">
  <testcase classname="com.tutuorialsninja.TestCases.RegisterTest" name="VerifyingRegisterWithMandatoryFields" time="21.919"/>
  <testcase classname="com.tutuorialsninja.TestCases.RegisterTest" name="VerifyingRegisterWithAllFields" time="18.288"/>
  <testcase classname="com.tutuorialsninja.TestCases.RegisterTest" name="VerifyingRegisterWithExistingEmail" time="54.228"/>
  <testcase classname="com.tutuorialsninja.TestCases.RegisterTest" name="VerifyingRegisterWithNoFields" time="12.885"/>
</testsuite> <!-- com.tutuorialsninja.TestCases.RegisterTest -->
