<?xml version="1.0" encoding="UTF-8"?>
<!-- Generated by org.testng.reporters.JUnitReportReporter -->
<testsuite hostname="DESKTOP-P55NFCV" failures="0" tests="1" name="com.PracticePackage.Practise1" time="12.816" errors="0" timestamp="2024-02-20T21:16:31 EST" skipped="0">
  <testcase classname="com.PracticePackage.Practise1" name="verifyLoginWithValidCredentials" time="12.816"/>
</testsuite> <!-- com.PracticePackage.Practise1 -->
