<?xml version="1.0" encoding="UTF-8"?>
<!-- Generated by org.testng.reporters.JUnitReportReporter -->
<testsuite hostname="DESKTOP-P55NFCV" failures="0" tests="3" name="com.tutuorialsninja.TestCases.SearchProductTest" time="31.540" errors="0" timestamp="2024-02-01T12:27:55 EST" skipped="0">
  <testcase classname="com.tutuorialsninja.TestCases.SearchProductTest" name="verifySearchWithValidProduct" time="12.523"/>
  <testcase classname="com.tutuorialsninja.TestCases.SearchProductTest" name="verifySearchWithInvalidProduct" time="9.657"/>
  <testcase classname="com.tutuorialsninja.TestCases.SearchProductTest" name="verifySearchWithNoProduct" time="9.360"/>
</testsuite> <!-- com.tutuorialsninja.TestCases.SearchProductTest -->
