<?xml version="1.0" encoding="UTF-8"?>
<!-- Generated by org.testng.reporters.JUnitReportReporter -->
<testsuite hostname="DESKTOP-P55NFCV" failures="0" tests="1" name="com.PracticePackage.Practice3" time="14.954" errors="0" timestamp="2024-02-21T00:07:51 EST" skipped="0">
  <testcase classname="com.PracticePackage.Practice3" name="highlightAndInteractWithElements" time="14.954"/>
</testsuite> <!-- com.PracticePackage.Practice3 -->
