<?xml version="1.0" encoding="UTF-8"?>
<!-- Generated by org.testng.reporters.JUnitReportReporter -->
<testsuite hostname="DESKTOP-P55NFCV" failures="0" tests="1" name="com.PracticePackage.Practice_No_1" time="44.695" errors="0" timestamp="2024-02-28T08:48:54 EST" skipped="0">
  <testcase classname="com.PracticePackage.Practice_No_1" name="highlightAndInteractWithElements" time="44.695"/>
</testsuite> <!-- com.PracticePackage.Practice_No_1 -->
