<?xml version="1.0" encoding="UTF-8"?>
<!-- Generated by org.testng.reporters.JUnitReportReporter -->
<testsuite hostname="DESKTOP-P55NFCV" failures="0" tests="1" name="com.tutuorialsninja.TestCases.AddToProductTest" time="35.526" errors="0" timestamp="2024-02-03T12:30:34 EST" skipped="0">
  <testcase classname="com.tutuorialsninja.TestCases.AddToProductTest" name="checkingOutValidProduct" time="35.526"/>
</testsuite> <!-- com.tutuorialsninja.TestCases.AddToProductTest -->
