<?xml version="1.0" encoding="UTF-8"?>
<!-- Generated by org.testng.reporters.JUnitReportReporter -->
<testsuite hostname="DESKTOP-P55NFCV" failures="0" tests="3" name="com.tutuorialsninja.TestCases.SearchProductTest" time="32.082" errors="0" timestamp="2024-01-29T09:02:16 EST" skipped="0">
  <testcase classname="com.tutuorialsninja.TestCases.SearchProductTest" name="verifySearchWithValidProduct" time="9.404"/>
  <testcase classname="com.tutuorialsninja.TestCases.SearchProductTest" name="verifySearchWithInvalidProduct" time="13.171"/>
  <testcase classname="com.tutuorialsninja.TestCases.SearchProductTest" name="verifySearchWithNoProduct" time="9.507"/>
</testsuite> <!-- com.tutuorialsninja.TestCases.SearchProductTest -->
