<?xml version="1.0" encoding="UTF-8"?>
<!-- Generated by org.testng.reporters.JUnitReportReporter -->
<testsuite hostname="DESKTOP-P55NFCV" failures="0" tests="5" name="com.tutuorialsninja.TestCases.LoginTest" time="86.725" errors="0" timestamp="2024-01-29T09:02:16 EST" skipped="0">
  <testcase classname="com.tutuorialsninja.TestCases.LoginTest" name="verifyLoginWithValidCredentials" time="16.969"/>
  <testcase classname="com.tutuorialsninja.TestCases.LoginTest" name="verifyLoginWithInvalidCredentials" time="25.086"/>
  <testcase classname="com.tutuorialsninja.TestCases.LoginTest" name="verifyLoginWithValidEmailInvalidPassword" time="19.938"/>
  <testcase classname="com.tutuorialsninja.TestCases.LoginTest" name="verifyLoginWithInvalidEmailValidPassword" time="11.361"/>
  <testcase classname="com.tutuorialsninja.TestCases.LoginTest" name="verifyLoginWitNoCredentials" time="13.371"/>
</testsuite> <!-- com.tutuorialsninja.TestCases.LoginTest -->
