<?xml version="1.0" encoding="UTF-8"?>
<!-- Generated by org.testng.reporters.JUnitReportReporter -->
<testsuite hostname="DESKTOP-P55NFCV" failures="0" tests="5" name="com.tutuorialsninja.TestCases.LoginTest" time="58.310" errors="0" timestamp="2024-02-01T12:27:55 EST" skipped="0">
  <testcase classname="com.tutuorialsninja.TestCases.LoginTest" name="verifyLoginWithValidCredentials" time="10.552"/>
  <testcase classname="com.tutuorialsninja.TestCases.LoginTest" name="verifyLoginWithInvalidCredentials" time="11.015"/>
  <testcase classname="com.tutuorialsninja.TestCases.LoginTest" name="verifyLoginWithValidEmailInvalidPassword" time="11.325"/>
  <testcase classname="com.tutuorialsninja.TestCases.LoginTest" name="verifyLoginWithInvalidEmailValidPassword" time="12.545"/>
  <testcase classname="com.tutuorialsninja.TestCases.LoginTest" name="verifyLoginWitNoCredentials" time="12.873"/>
</testsuite> <!-- com.tutuorialsninja.TestCases.LoginTest -->
